[Sandcastle Help File Builder GUI, version 1.3.1.1]
Creating output and working folders...
Clearing working folder...
Finding tools...
Found Sandcastle in 'C:\Program Files\Sandcastle\'
Found HTML 1.x help compiler in 'C:\Program Files\HTML Help Workshop\'
Validating documentation assembly information...
-------------------------------
Creating Sandcastle configuration file...
-------------------------------
Generating shared content files (en-US)...
-------------------------------
Generating reflection information...
[D:\Bipin\Authoring\My Books\Pro XML\Code 1.0\ClassLibrary4\bin\Debug\Help\Working\GenerateRefInfo.bat]
MRefBuilderStatic (v2.0.2459.30849)
Copyright Microsoft Corp. 2005
Info: Loaded 1 assemblies for reflection and 0 dependency assemblies.
Info: Wrote information on 1 namespaces, 1 types, and 5 members
-------------------------------
Removing duplicate topics from reflection.org
    0 duplicate topics removed
-------------------------------
Applying visibility properties to reflection.org
    0 attribute nodes removed
    0 serializable attributes negated
    0 explicit interface implementations removed
    0 local and base class EII elements removed
-------------------------------
Generating namespace summary information...
    Warning: Missing summary for namespace N:Calculator
-------------------------------
Transforming reflection output...
[D:\Bipin\Authoring\My Books\Pro XML\Code 1.0\ClassLibrary4\bin\Debug\Help\Working\TransformManifest.bat]
XslTransform (v2.0.2459.30854)
Copyright Microsoft Corp. 2005
Info: Applying XSL transformation 'C:\Program Files\Sandcastle\ProductionTransforms\AddOverloads.xsl'.
Info: Applying XSL transformation 'C:\Program Files\Sandcastle\ProductionTransforms\AddGuidFilenames.xsl'.
XslTransform (v2.0.2459.30854)
Copyright Microsoft Corp. 2005
Info: Applying XSL transformation 'C:\Program Files\Sandcastle\ProductionTransforms\ReflectionToManifest.xsl'.
-------------------------------
Adding missing documentation elements...
    Warning: Missing <summary> documentation for M:Calculator.SimpleCalculator.Divide(System.Int32,System.Int32)
    Warning: Missing <returns> documentation for M:Calculator.SimpleCalculator.Divide(System.Int32,System.Int32)
    Warning: Missing <param name="a"> documentation for M:Calculator.SimpleCalculator.Divide(System.Int32,System.Int32)
    Warning: Missing <param name="b"> documentation for M:Calculator.SimpleCalculator.Divide(System.Int32,System.Int32)
    Warning: Missing <summary> documentation for M:Calculator.SimpleCalculator.Multiply(System.Int32,System.Int32)
    Warning: Missing <returns> documentation for M:Calculator.SimpleCalculator.Multiply(System.Int32,System.Int32)
    Warning: Missing <param name="a"> documentation for M:Calculator.SimpleCalculator.Multiply(System.Int32,System.Int32)
    Warning: Missing <param name="b"> documentation for M:Calculator.SimpleCalculator.Multiply(System.Int32,System.Int32)
    Auto-documenting constructor M:Calculator.SimpleCalculator.#ctor
-------------------------------
Copying standard help content...
C:\Program Files\Sandcastle\Presentation\Prototype\icons\alert_caution.gif -> D:\Bipin\Authoring\My Books\Pro XML\Code 1.0\ClassLibrary4\bin\Debug\Help\Working\Output\icons\alert_caution.gif
C:\Program Files\Sandcastle\Presentation\Prototype\icons\alert_note.gif -> D:\Bipin\Authoring\My Books\Pro XML\Code 1.0\ClassLibrary4\bin\Debug\Help\Working\Output\icons\alert_note.gif
C:\Program Files\Sandcastle\Presentation\Prototype\icons\alert_security.gif -> D:\Bipin\Authoring\My Books\Pro XML\Code 1.0\ClassLibrary4\bin\Debug\Help\Working\Output\icons\alert_security.gif
C:\Program Files\Sandcastle\Presentation\Prototype\icons\Caution.gif -> D:\Bipin\Authoring\My Books\Pro XML\Code 1.0\ClassLibrary4\bin\Debug\Help\Working\Output\icons\Caution.gif
C:\Program Files\Sandcastle\Presentation\Prototype\icons\CFW.gif -> D:\Bipin\Authoring\My Books\Pro XML\Code 1.0\ClassLibrary4\bin\Debug\Help\Working\Output\icons\CFW.gif
C:\Program Files\Sandcastle\Presentation\Prototype\icons\collapse_all.gif -> D:\Bipin\Authoring\My Books\Pro XML\Code 1.0\ClassLibrary4\bin\Debug\Help\Working\Output\icons\collapse_all.gif
C:\Program Files\Sandcastle\Presentation\Prototype\icons\copycode.gif -> D:\Bipin\Authoring\My Books\Pro XML\Code 1.0\ClassLibrary4\bin\Debug\Help\Working\Output\icons\copycode.gif
C:\Program Files\Sandcastle\Presentation\Prototype\icons\expand_all.gif -> D:\Bipin\Authoring\My Books\Pro XML\Code 1.0\ClassLibrary4\bin\Debug\Help\Working\Output\icons\expand_all.gif
C:\Program Files\Sandcastle\Presentation\Prototype\icons\LastChild.gif -> D:\Bipin\Authoring\My Books\Pro XML\Code 1.0\ClassLibrary4\bin\Debug\Help\Working\Output\icons\LastChild.gif
C:\Program Files\Sandcastle\Presentation\Prototype\icons\NotLastChild.gif -> D:\Bipin\Authoring\My Books\Pro XML\Code 1.0\ClassLibrary4\bin\Debug\Help\Working\Output\icons\NotLastChild.gif
C:\Program Files\Sandcastle\Presentation\Prototype\icons\privclass.gif -> D:\Bipin\Authoring\My Books\Pro XML\Code 1.0\ClassLibrary4\bin\Debug\Help\Working\Output\icons\privclass.gif
C:\Program Files\Sandcastle\Presentation\Prototype\icons\privdelicate.gif -> D:\Bipin\Authoring\My Books\Pro XML\Code 1.0\ClassLibrary4\bin\Debug\Help\Working\Output\icons\privdelicate.gif
C:\Program Files\Sandcastle\Presentation\Prototype\icons\privenum.gif -> D:\Bipin\Authoring\My Books\Pro XML\Code 1.0\ClassLibrary4\bin\Debug\Help\Working\Output\icons\privenum.gif
C:\Program Files\Sandcastle\Presentation\Prototype\icons\privevent.gif -> D:\Bipin\Authoring\My Books\Pro XML\Code 1.0\ClassLibrary4\bin\Debug\Help\Working\Output\icons\privevent.gif
C:\Program Files\Sandcastle\Presentation\Prototype\icons\privfield.gif -> D:\Bipin\Authoring\My Books\Pro XML\Code 1.0\ClassLibrary4\bin\Debug\Help\Working\Output\icons\privfield.gif
C:\Program Files\Sandcastle\Presentation\Prototype\icons\privinterface.gif -> D:\Bipin\Authoring\My Books\Pro XML\Code 1.0\ClassLibrary4\bin\Debug\Help\Working\Output\icons\privinterface.gif
C:\Program Files\Sandcastle\Presentation\Prototype\icons\privmethod.gif -> D:\Bipin\Authoring\My Books\Pro XML\Code 1.0\ClassLibrary4\bin\Debug\Help\Working\Output\icons\privmethod.gif
C:\Program Files\Sandcastle\Presentation\Prototype\icons\privproperty.gif -> D:\Bipin\Authoring\My Books\Pro XML\Code 1.0\ClassLibrary4\bin\Debug\Help\Working\Output\icons\privproperty.gif
C:\Program Files\Sandcastle\Presentation\Prototype\icons\privstructure.gif -> D:\Bipin\Authoring\My Books\Pro XML\Code 1.0\ClassLibrary4\bin\Debug\Help\Working\Output\icons\privstructure.gif
C:\Program Files\Sandcastle\Presentation\Prototype\icons\protclass.gif -> D:\Bipin\Authoring\My Books\Pro XML\Code 1.0\ClassLibrary4\bin\Debug\Help\Working\Output\icons\protclass.gif
C:\Program Files\Sandcastle\Presentation\Prototype\icons\protdeligate.gif -> D:\Bipin\Authoring\My Books\Pro XML\Code 1.0\ClassLibrary4\bin\Debug\Help\Working\Output\icons\protdeligate.gif
C:\Program Files\Sandcastle\Presentation\Prototype\icons\protenum.gif -> D:\Bipin\Authoring\My Books\Pro XML\Code 1.0\ClassLibrary4\bin\Debug\Help\Working\Output\icons\protenum.gif
C:\Program Files\Sandcastle\Presentation\Prototype\icons\protevent.gif -> D:\Bipin\Authoring\My Books\Pro XML\Code 1.0\ClassLibrary4\bin\Debug\Help\Working\Output\icons\protevent.gif
C:\Program Files\Sandcastle\Presentation\Prototype\icons\protfield.png -> D:\Bipin\Authoring\My Books\Pro XML\Code 1.0\ClassLibrary4\bin\Debug\Help\Working\Output\icons\protfield.png
C:\Program Files\Sandcastle\Presentation\Prototype\icons\protinterface.gif -> D:\Bipin\Authoring\My Books\Pro XML\Code 1.0\ClassLibrary4\bin\Debug\Help\Working\Output\icons\protinterface.gif
C:\Program Files\Sandcastle\Presentation\Prototype\icons\protmethod.gif -> D:\Bipin\Authoring\My Books\Pro XML\Code 1.0\ClassLibrary4\bin\Debug\Help\Working\Output\icons\protmethod.gif
C:\Program Files\Sandcastle\Presentation\Prototype\icons\protoperator.gif -> D:\Bipin\Authoring\My Books\Pro XML\Code 1.0\ClassLibrary4\bin\Debug\Help\Working\Output\icons\protoperator.gif
C:\Program Files\Sandcastle\Presentation\Prototype\icons\protproperty.gif -> D:\Bipin\Authoring\My Books\Pro XML\Code 1.0\ClassLibrary4\bin\Debug\Help\Working\Output\icons\protproperty.gif
C:\Program Files\Sandcastle\Presentation\Prototype\icons\protstructure.gif -> D:\Bipin\Authoring\My Books\Pro XML\Code 1.0\ClassLibrary4\bin\Debug\Help\Working\Output\icons\protstructure.gif
C:\Program Files\Sandcastle\Presentation\Prototype\icons\pubclass.gif -> D:\Bipin\Authoring\My Books\Pro XML\Code 1.0\ClassLibrary4\bin\Debug\Help\Working\Output\icons\pubclass.gif
C:\Program Files\Sandcastle\Presentation\Prototype\icons\pubdelegate.gif -> D:\Bipin\Authoring\My Books\Pro XML\Code 1.0\ClassLibrary4\bin\Debug\Help\Working\Output\icons\pubdelegate.gif
C:\Program Files\Sandcastle\Presentation\Prototype\icons\pubenum.gif -> D:\Bipin\Authoring\My Books\Pro XML\Code 1.0\ClassLibrary4\bin\Debug\Help\Working\Output\icons\pubenum.gif
C:\Program Files\Sandcastle\Presentation\Prototype\icons\pubevent.gif -> D:\Bipin\Authoring\My Books\Pro XML\Code 1.0\ClassLibrary4\bin\Debug\Help\Working\Output\icons\pubevent.gif
C:\Program Files\Sandcastle\Presentation\Prototype\icons\pubfield.gif -> D:\Bipin\Authoring\My Books\Pro XML\Code 1.0\ClassLibrary4\bin\Debug\Help\Working\Output\icons\pubfield.gif
C:\Program Files\Sandcastle\Presentation\Prototype\icons\pubinterface.gif -> D:\Bipin\Authoring\My Books\Pro XML\Code 1.0\ClassLibrary4\bin\Debug\Help\Working\Output\icons\pubinterface.gif
C:\Program Files\Sandcastle\Presentation\Prototype\icons\pubmethod.gif -> D:\Bipin\Authoring\My Books\Pro XML\Code 1.0\ClassLibrary4\bin\Debug\Help\Working\Output\icons\pubmethod.gif
C:\Program Files\Sandcastle\Presentation\Prototype\icons\puboperator.gif -> D:\Bipin\Authoring\My Books\Pro XML\Code 1.0\ClassLibrary4\bin\Debug\Help\Working\Output\icons\puboperator.gif
C:\Program Files\Sandcastle\Presentation\Prototype\icons\pubproperty.gif -> D:\Bipin\Authoring\My Books\Pro XML\Code 1.0\ClassLibrary4\bin\Debug\Help\Working\Output\icons\pubproperty.gif
C:\Program Files\Sandcastle\Presentation\Prototype\icons\pubstructure.gif -> D:\Bipin\Authoring\My Books\Pro XML\Code 1.0\ClassLibrary4\bin\Debug\Help\Working\Output\icons\pubstructure.gif
C:\Program Files\Sandcastle\Presentation\Prototype\icons\security.gif -> D:\Bipin\Authoring\My Books\Pro XML\Code 1.0\ClassLibrary4\bin\Debug\Help\Working\Output\icons\security.gif
C:\Program Files\Sandcastle\Presentation\Prototype\icons\static.gif -> D:\Bipin\Authoring\My Books\Pro XML\Code 1.0\ClassLibrary4\bin\Debug\Help\Working\Output\icons\static.gif
C:\Program Files\Sandcastle\Presentation\Prototype\scripts\CollapsibleSection.js -> D:\Bipin\Authoring\My Books\Pro XML\Code 1.0\ClassLibrary4\bin\Debug\Help\Working\Output\scripts\CollapsibleSection.js
C:\Program Files\Sandcastle\Presentation\Prototype\scripts\CookieDataStore.js -> D:\Bipin\Authoring\My Books\Pro XML\Code 1.0\ClassLibrary4\bin\Debug\Help\Working\Output\scripts\CookieDataStore.js
C:\Program Files\Sandcastle\Presentation\Prototype\scripts\ElementCollection.js -> D:\Bipin\Authoring\My Books\Pro XML\Code 1.0\ClassLibrary4\bin\Debug\Help\Working\Output\scripts\ElementCollection.js
C:\Program Files\Sandcastle\Presentation\Prototype\scripts\EventUtilities.js -> D:\Bipin\Authoring\My Books\Pro XML\Code 1.0\ClassLibrary4\bin\Debug\Help\Working\Output\scripts\EventUtilities.js
C:\Program Files\Sandcastle\Presentation\Prototype\scripts\LanguageFilter.js -> D:\Bipin\Authoring\My Books\Pro XML\Code 1.0\ClassLibrary4\bin\Debug\Help\Working\Output\scripts\LanguageFilter.js
C:\Program Files\Sandcastle\Presentation\Prototype\scripts\MemberFilter.js -> D:\Bipin\Authoring\My Books\Pro XML\Code 1.0\ClassLibrary4\bin\Debug\Help\Working\Output\scripts\MemberFilter.js
C:\Program Files\Sandcastle\Presentation\Prototype\scripts\SplitScreen.js -> D:\Bipin\Authoring\My Books\Pro XML\Code 1.0\ClassLibrary4\bin\Debug\Help\Working\Output\scripts\SplitScreen.js
C:\Program Files\Sandcastle\Presentation\Prototype\scripts\StyleUtilities.js -> D:\Bipin\Authoring\My Books\Pro XML\Code 1.0\ClassLibrary4\bin\Debug\Help\Working\Output\scripts\StyleUtilities.js
C:\Program Files\Sandcastle\Presentation\Prototype\styles\presentation.css -> D:\Bipin\Authoring\My Books\Pro XML\Code 1.0\ClassLibrary4\bin\Debug\Help\Working\Output\styles\presentation.css

Building help topics...
[D:\Bipin\Authoring\My Books\Pro XML\Code 1.0\ClassLibrary4\bin\Debug\Help\Working\BuildHelpTopics.bat]
BuildAssembler (v2.0.2459.30837)
Copyright 2005 Microsoft Corporation
Info: CopyFromFileComponent: Instantiating component.
Info: CopyFromFileComponent: Loading data file 'C:\Program Files\Sandcastle\Presentation\Prototype\transforms\skeleton.xml'.
Info: CopyFromIndexComponent: Instantiating component.
Info: CopyFromIndexComponent: Searching for files that match 'reflection.xml'.
Info: CopyFromIndexComponent: Found 1 files.
Info: CopyFromIndexComponent: Searching for files that match 'C:\Program Files\Sandcastle\Examples\cpref_reflection\*.xml'.
Info: CopyFromIndexComponent: Found 48 files.
Info: CopyFromIndexComponent: Indexed 73547 elements.
Info: CopyFromIndexComponent: Instantiating component.
Info: ForEachComponent: Instantiating component.
Info: ForEachComponent: Loading subcomponents.
Info: CopyFromIndexComponent: Instantiating component.
Info: ForEachComponent: Loaded 1 subcomponents.
Info: IfThenComponent: Instantiating component.
Info: SyntaxComponent: Instantiating component.
loading Microsoft.Ddue.Tools.CSharpDeclarationSyntaxGenerator from C:\Program Files\Sandcastle\ProductionTools\BuildComponents\SyntaxGenerators.dll
loading Microsoft.Ddue.Tools.VisualBasicDeclarationSyntaxGenerator from C:\Program Files\Sandcastle\ProductionTools\BuildComponents\SyntaxGenerators.dll
loading Microsoft.Ddue.Tools.CPlusPlusDeclarationSyntaxGenerator from C:\Program Files\Sandcastle\ProductionTools\BuildComponents\SyntaxGenerators.dll
Info: SyntaxComponent: Loaded 3 syntax generators.
Info: CopyFromIndexComponent: Instantiating component.
Info: CopyFromIndexComponent: Searching for files that match 'D:\Bipin\Authoring\My Books\Pro XML\Code 1.0\ClassLibrary4\bin\Debug\Help\Working\Calculator.xml'.
Info: CopyFromIndexComponent: Found 1 files.
Info: CopyFromIndexComponent: Searching for files that match 'SHFB_NamespaceComments.xml'.
Info: CopyFromIndexComponent: Found 1 files.
Info: CopyFromIndexComponent: Searching for files that match 'C:\WINDOWS\Microsoft.NET\Framework\v2.0.50727\*.xml'.
Info: CopyFromIndexComponent: Found 65 files.
Info: CopyFromIndexComponent: Indexed 75468 elements.
Info: ForEachComponent: Instantiating component.
Info: ForEachComponent: Loading subcomponents.
Info: IfThenComponent: Instantiating component.
Info: CopyFromIndexComponent: Instantiating component.
Info: CopyFromIndexComponent: Instantiating component.
Info: ForEachComponent: Loaded 2 subcomponents.
Info: TransformComponent: Instantiating component.
Info: SharedContentComponent: Instantiating component.
Info: SharedContentComponent: Loading shared content file 'shared_content.xml'.
Info: SharedContentComponent: Loading shared content file 'reference_content.xml'.
Info: SharedContentComponent: Loading shared content file 'syntax_content.xml'.
Info: SharedContentComponent: Loaded 190 shared content items.
Info: ResolveReferenceLinksComponent: Instantiating component.
Info: ResolveReferenceLinksComponent: Indexed 82487 reference link targets.
Info: SaveComponent: Instantiating component.
Info: Loaded 11 components
Info: Building topic R:Project
Info: Building topic N:Calculator
Info: Building topic T:Calculator.SimpleCalculator
Info: ResolveReferenceLinksComponent: Preparing to query MSDN topic URL web service.
Info: Building topic M:Calculator.SimpleCalculator.#ctor
Info: Building topic M:Calculator.SimpleCalculator.Add(System.Int32,System.Int32)
Info: Building topic M:Calculator.SimpleCalculator.Divide(System.Int32,System.Int32)
Info: Building topic M:Calculator.SimpleCalculator.Multiply(System.Int32,System.Int32)
Info: Building topic M:Calculator.SimpleCalculator.Subtract(System.Int32,System.Int32)
Info: Processed 8 topics
-------------------------------
Generating table of content for HTML Help 1.x file...
[D:\Bipin\Authoring\My Books\Pro XML\Code 1.0\ClassLibrary4\bin\Debug\Help\Working\Generate1xTOC.bat]
XslTransform (v2.0.2459.30854)
Copyright Microsoft Corp. 2005
Info: Applying XSL transformation 'C:\Program Files\Sandcastle\ProductionTransforms\ReflectionToChmContents.xsl'.
Updating table of content with additional content items and determining default topic ...
-------------------------------
Generating help file index...
[D:\Bipin\Authoring\My Books\Pro XML\Code 1.0\ClassLibrary4\bin\Debug\Help\Working\Generate1xIndex.bat]
XslTransform (v2.0.2459.30854)
Copyright Microsoft Corp. 2005
Info: Applying XSL transformation 'C:\Program Files\Sandcastle\ProductionTransforms\ReflectionToChmIndex.xsl'.
-------------------------------
Generating help project file...
-------------------------------
Compiling the help file...
[D:\Bipin\Authoring\My Books\Pro XML\Code 1.0\ClassLibrary4\bin\Debug\Help\Working\Build1xHelpFile.bat]
Microsoft HTML Help Compiler 4.74.8702



Compiling d:\Bipin\Authoring\My Books\Pro XML\Code 1.0\ClassLibrary4\bin\Debug\Help\Working\Output\Documentation.chm





Compile time: 0 minutes, 3 seconds

10	Topics

67	Local links

66	Internet links

0	Graphics





Created d:\Bipin\Authoring\My Books\Pro XML\Code 1.0\ClassLibrary4\bin\Debug\Help\Working\Output\Documentation.chm, 39,273 bytes

Compression decreased file by 61,822 bytes.

Removing intermediate files...


Build completed successfully

